<?xml version="1.0" encoding="UTF-8"?>
<!-- Generated by org.testng.reporters.JUnitReportReporter -->
<testsuite hostname="DESKTOP-ED184GO" failures="0" tests="17" name="com.flyway.testscripts.TestRunner" time="90.881" errors="0" timestamp="2021-12-22T13:54:20 IST" skipped="0">
  <testcase classname="com.flyway.testscripts.TestRunner" name="runScenario" time="4.547"/>
  <system-out/>
  <testcase classname="com.flyway.testscripts.TestRunner" name="runScenario" time="7.545"/>
  <system-out/>
  <testcase classname="com.flyway.testscripts.TestRunner" name="runScenario" time="4.385"/>
  <system-out/>
  <testcase classname="com.flyway.testscripts.TestRunner" name="runScenario" time="6.110"/>
  <system-out/>
  <testcase classname="com.flyway.testscripts.TestRunner" name="runScenario" time="6.650"/>
  <system-out/>
  <testcase classname="com.flyway.testscripts.TestRunner" name="runScenario" time="4.603"/>
  <system-out/>
  <testcase classname="com.flyway.testscripts.TestRunner" name="runScenario" time="5.421"/>
  <system-out/>
  <testcase classname="com.flyway.testscripts.TestRunner" name="runScenario" time="5.686"/>
  <system-out/>
  <testcase classname="com.flyway.testscripts.TestRunner" name="runScenario" time="5.384"/>
  <system-out/>
  <testcase classname="com.flyway.testscripts.TestRunner" name="runScenario" time="5.383"/>
  <system-out/>
  <testcase classname="com.flyway.testscripts.TestRunner" name="runScenario" time="5.379"/>
  <system-out/>
  <testcase classname="com.flyway.testscripts.TestRunner" name="runScenario" time="5.030"/>
  <system-out/>
  <testcase classname="com.flyway.testscripts.TestRunner" name="runScenario" time="4.598"/>
  <system-out/>
  <testcase classname="com.flyway.testscripts.TestRunner" name="runScenario" time="4.643"/>
  <system-out/>
  <testcase classname="com.flyway.testscripts.TestRunner" name="runScenario" time="5.324"/>
  <system-out/>
  <testcase classname="com.flyway.testscripts.TestRunner" name="runScenario" time="5.488"/>
  <system-out/>
  <testcase classname="com.flyway.testscripts.TestRunner" name="runScenario" time="4.705"/>
  <system-out/>
</testsuite> <!-- com.flyway.testscripts.TestRunner -->
